[debug] [2021-05-18T14:04:36.620Z] ----------------------------------------------------------------------
[debug] [2021-05-18T14:04:36.621Z] Command:       C:\Program Files (x86)\nodejs\node.exe C:\Users\jacco\AppData\Roaming\npm\node_modules\firebase-tools\lib\bin\firebase.js emulators:start
[debug] [2021-05-18T14:04:36.622Z] CLI Version:   9.10.2
[debug] [2021-05-18T14:04:36.622Z] Platform:      win32
[debug] [2021-05-18T14:04:36.622Z] Node Version:  v14.17.0
[debug] [2021-05-18T14:04:36.623Z] Time:          Tue May 18 2021 16:04:36 GMT+0200 (Midden-Europese zomertijd)
[debug] [2021-05-18T14:04:36.623Z] ----------------------------------------------------------------------
[debug] 
[debug] [2021-05-18T14:04:36.629Z] > command requires scopes: ["email","openid","https://www.googleapis.com/auth/cloudplatformprojects.readonly","https://www.googleapis.com/auth/firebase","https://www.googleapis.com/auth/cloud-platform"]
[debug] [2021-05-18T14:04:36.629Z] > authorizing via signed-in user (jjveldscholten@gmail.com)
[info] i  emulators: Starting emulators: functions {"metadata":{"emulator":{"name":"hub"},"message":"Starting emulators: functions"}}
[warn] !  emulators: It seems that you are running multiple instances of the emulator suite for project lifecycle-server. This may result in unexpected behavior. 
[debug] [2021-05-18T14:04:36.648Z] [hub] writing locator at C:\Users\jacco\AppData\Local\Temp\hub-lifecycle-server.json
[warn] !  functions: The following emulators are not running, calls to these services from the Functions emulator will affect production: auth, firestore, database, hosting, pubsub {"metadata":{"emulator":{"name":"functions"},"message":"The following emulators are not running, calls to these services from the Functions emulator will affect production: \u001b[1mauth, firestore, database, hosting, pubsub\u001b[22m"}}
[warn] !  Your requested "node" version "12" doesn't match your global version "14" {"metadata":{"emulator":{"name":"functions"},"message":"Your requested \"node\" version \"12\" doesn't match your global version \"14\""}}
[debug] [2021-05-18T14:04:36.673Z] defaultcredentials: writing to file C:\Users\jacco\AppData\Roaming\firebase\jjveldscholten_gmail_com_application_default_credentials.json
[debug] [2021-05-18T14:04:36.675Z] Setting GAC to C:\Users\jacco\AppData\Roaming\firebase\jjveldscholten_gmail_com_application_default_credentials.json {"metadata":{"emulator":{"name":"functions"},"message":"Setting GAC to C:\\Users\\jacco\\AppData\\Roaming\\firebase\\jjveldscholten_gmail_com_application_default_credentials.json"}}
[debug] [2021-05-18T14:04:36.677Z] >>> [apiv2][query] GET https://firebase.googleapis.com/v1beta1/projects/lifecycle-server/adminSdkConfig [none]
[debug] [2021-05-18T14:04:36.987Z] <<< [apiv2][status] GET https://firebase.googleapis.com/v1beta1/projects/lifecycle-server/adminSdkConfig 200
[debug] [2021-05-18T14:04:36.987Z] <<< [apiv2][body] GET https://firebase.googleapis.com/v1beta1/projects/lifecycle-server/adminSdkConfig {"projectId":"lifecycle-server","databaseURL":"https://lifecycle-server-default-rtdb.europe-west1.firebasedatabase.app","storageBucket":"lifecycle-server.appspot.com","locationId":"europe-west"}
[warn] !  ui: Emulator UI unable to start on port 4000, starting on 4001 instead. {"metadata":{"emulator":{"name":"ui"},"message":"Emulator UI unable to start on port 4000, starting on 4001 instead."}}
[debug] [2021-05-18T14:04:37.020Z] Ignoring unsupported arg: auto_download {"metadata":{"emulator":{"name":"ui"},"message":"Ignoring unsupported arg: auto_download"}}
[debug] [2021-05-18T14:04:37.021Z] Ignoring unsupported arg: port {"metadata":{"emulator":{"name":"ui"},"message":"Ignoring unsupported arg: port"}}
[debug] [2021-05-18T14:04:37.021Z] Starting Emulator UI with command {"binary":"node","args":["C:\\Users\\jacco\\.cache\\firebase\\emulators\\ui-v1.4.2\\server.bundle.js"],"optionalArgs":[],"joinArgs":false} {"metadata":{"emulator":{"name":"ui"},"message":"Starting Emulator UI with command {\"binary\":\"node\",\"args\":[\"C:\\\\Users\\\\jacco\\\\.cache\\\\firebase\\\\emulators\\\\ui-v1.4.2\\\\server.bundle.js\"],\"optionalArgs\":[],\"joinArgs\":false}"}}
[info] i  ui: Emulator UI logging to ui-debug.log {"metadata":{"emulator":{"name":"ui"},"message":"Emulator UI logging to \u001b[1mui-debug.log\u001b[22m"}}
[debug] [2021-05-18T14:04:37.121Z] Web / API server started at http://localhost:4001
 {"metadata":{"emulator":{"name":"ui"},"message":"Web / API server started at http://localhost:4001\n"}}
[info] i  functions: Watching "C:\Users\jacco\Desktop\LifeCycle-Hook\functions" for Cloud Functions... {"metadata":{"emulator":{"name":"functions"},"message":"Watching \"C:\\Users\\jacco\\Desktop\\LifeCycle-Hook\\functions\" for Cloud Functions..."}}
[debug] [2021-05-18T14:04:37.300Z] [worker-pool] addWorker(~diagnostic~) {"metadata":{"emulator":{"name":"functions"},"message":"[worker-pool] addWorker(~diagnostic~)"}}
[debug] [2021-05-18T14:04:37.300Z] [worker-pool] Adding worker with key ~diagnostic~, total=1 {"metadata":{"emulator":{"name":"functions"},"message":"[worker-pool] Adding worker with key ~diagnostic~, total=1"}}
[debug] [2021-05-18T14:04:37.300Z] [worker-pool] submitWork(triggerId=) {"metadata":{"emulator":{"name":"functions"},"message":"[worker-pool] submitWork(triggerId=)"}}
[debug] [2021-05-18T14:04:37.301Z] [worker-~diagnostic~-6a801c1a-2218-4aaf-ab76-7d616172acec]: Assigning socketPath: \\?\pipe\C:\Users\jacco\Desktop\LifeCycle-Hook\functions\22808 {"metadata":{"emulator":{"name":"functions"},"message":"[worker-~diagnostic~-6a801c1a-2218-4aaf-ab76-7d616172acec]: Assigning socketPath: \\\\?\\pipe\\C:\\Users\\jacco\\Desktop\\LifeCycle-Hook\\functions\\22808"}}
[debug] [2021-05-18T14:04:37.301Z] [worker-~diagnostic~-6a801c1a-2218-4aaf-ab76-7d616172acec]: BUSY {"metadata":{"emulator":{"name":"functions"},"message":"[worker-~diagnostic~-6a801c1a-2218-4aaf-ab76-7d616172acec]: BUSY"}}
[debug] [2021-05-18T14:04:37.495Z] [runtime-status] [22808] Functions runtime initialized. {"cwd":"C:\\Users\\jacco\\Desktop\\LifeCycle-Hook\\functions","node_version":"14.17.0"} {"metadata":{"emulator":{"name":"functions"},"message":"[runtime-status] [22808] Functions runtime initialized. {\"cwd\":\"C:\\\\Users\\\\jacco\\\\Desktop\\\\LifeCycle-Hook\\\\functions\",\"node_version\":\"14.17.0\"}"}}
[debug] [2021-05-18T14:04:37.495Z] [runtime-status] [22808] Disabled runtime features: undefined {"metadata":{"emulator":{"name":"functions"},"message":"[runtime-status] [22808] Disabled runtime features: undefined"}}
[debug] [2021-05-18T14:04:37.498Z] [runtime-status] [22808] Resolved module firebase-admin {"declared":true,"installed":true,"version":"9.8.0","resolution":"C:\\Users\\jacco\\Desktop\\LifeCycle-Hook\\node_modules\\firebase-admin\\lib\\index.js"} {"metadata":{"emulator":{"name":"functions"},"message":"[runtime-status] [22808] Resolved module firebase-admin {\"declared\":true,\"installed\":true,\"version\":\"9.8.0\",\"resolution\":\"C:\\\\Users\\\\jacco\\\\Desktop\\\\LifeCycle-Hook\\\\node_modules\\\\firebase-admin\\\\lib\\\\index.js\"}"}}
[debug] [2021-05-18T14:04:37.499Z] [runtime-status] [22808] Resolved module firebase-functions {"declared":true,"installed":true,"version":"3.14.1","resolution":"C:\\Users\\jacco\\Desktop\\LifeCycle-Hook\\node_modules\\firebase-functions\\lib\\index.js"} {"metadata":{"emulator":{"name":"functions"},"message":"[runtime-status] [22808] Resolved module firebase-functions {\"declared\":true,\"installed\":true,\"version\":\"3.14.1\",\"resolution\":\"C:\\\\Users\\\\jacco\\\\Desktop\\\\LifeCycle-Hook\\\\node_modules\\\\firebase-functions\\\\lib\\\\index.js\"}"}}
[debug] [2021-05-18T14:04:37.500Z] [runtime-status] [22808] Resolved module firebase-functions {"declared":true,"installed":true,"version":"3.14.1","resolution":"C:\\Users\\jacco\\Desktop\\LifeCycle-Hook\\node_modules\\firebase-functions\\lib\\index.js"} {"metadata":{"emulator":{"name":"functions"},"message":"[runtime-status] [22808] Resolved module firebase-functions {\"declared\":true,\"installed\":true,\"version\":\"3.14.1\",\"resolution\":\"C:\\\\Users\\\\jacco\\\\Desktop\\\\LifeCycle-Hook\\\\node_modules\\\\firebase-functions\\\\lib\\\\index.js\"}"}}
[debug] [2021-05-18T14:04:37.501Z] [runtime-status] [22808] Outgoing network have been stubbed. [{"name":"http","status":"mocked"},{"name":"http","status":"mocked"},{"name":"https","status":"mocked"},{"name":"https","status":"mocked"},{"name":"net","status":"mocked"}] {"metadata":{"emulator":{"name":"functions"},"message":"[runtime-status] [22808] Outgoing network have been stubbed. [{\"name\":\"http\",\"status\":\"mocked\"},{\"name\":\"http\",\"status\":\"mocked\"},{\"name\":\"https\",\"status\":\"mocked\"},{\"name\":\"https\",\"status\":\"mocked\"},{\"name\":\"net\",\"status\":\"mocked\"}]"}}
[debug] [2021-05-18T14:04:37.502Z] [runtime-status] [22808] Resolved module firebase-functions {"declared":true,"installed":true,"version":"3.14.1","resolution":"C:\\Users\\jacco\\Desktop\\LifeCycle-Hook\\node_modules\\firebase-functions\\lib\\index.js"} {"metadata":{"emulator":{"name":"functions"},"message":"[runtime-status] [22808] Resolved module firebase-functions {\"declared\":true,\"installed\":true,\"version\":\"3.14.1\",\"resolution\":\"C:\\\\Users\\\\jacco\\\\Desktop\\\\LifeCycle-Hook\\\\node_modules\\\\firebase-functions\\\\lib\\\\index.js\"}"}}
[debug] [2021-05-18T14:04:37.539Z] [runtime-status] [22808] Checked functions.config() {"config":{}} {"metadata":{"emulator":{"name":"functions"},"message":"[runtime-status] [22808] Checked functions.config() {\"config\":{}}"}}
[debug] [2021-05-18T14:04:37.539Z] [runtime-status] [22808] firebase-functions has been stubbed. {"functionsResolution":{"declared":true,"installed":true,"version":"3.14.1","resolution":"C:\\Users\\jacco\\Desktop\\LifeCycle-Hook\\node_modules\\firebase-functions\\lib\\index.js"}} {"metadata":{"emulator":{"name":"functions"},"message":"[runtime-status] [22808] firebase-functions has been stubbed. {\"functionsResolution\":{\"declared\":true,\"installed\":true,\"version\":\"3.14.1\",\"resolution\":\"C:\\\\Users\\\\jacco\\\\Desktop\\\\LifeCycle-Hook\\\\node_modules\\\\firebase-functions\\\\lib\\\\index.js\"}}"}}
[debug] [2021-05-18T14:04:37.540Z] [runtime-status] [22808] Resolved module firebase-functions {"declared":true,"installed":true,"version":"3.14.1","resolution":"C:\\Users\\jacco\\Desktop\\LifeCycle-Hook\\node_modules\\firebase-functions\\lib\\index.js"} {"metadata":{"emulator":{"name":"functions"},"message":"[runtime-status] [22808] Resolved module firebase-functions {\"declared\":true,\"installed\":true,\"version\":\"3.14.1\",\"resolution\":\"C:\\\\Users\\\\jacco\\\\Desktop\\\\LifeCycle-Hook\\\\node_modules\\\\firebase-functions\\\\lib\\\\index.js\"}"}}
[debug] [2021-05-18T14:04:37.541Z] [runtime-status] [22808] Resolved module firebase-admin {"declared":true,"installed":true,"version":"9.8.0","resolution":"C:\\Users\\jacco\\Desktop\\LifeCycle-Hook\\node_modules\\firebase-admin\\lib\\index.js"} {"metadata":{"emulator":{"name":"functions"},"message":"[runtime-status] [22808] Resolved module firebase-admin {\"declared\":true,\"installed\":true,\"version\":\"9.8.0\",\"resolution\":\"C:\\\\Users\\\\jacco\\\\Desktop\\\\LifeCycle-Hook\\\\node_modules\\\\firebase-admin\\\\lib\\\\index.js\"}"}}
[debug] [2021-05-18T14:04:37.541Z] [runtime-status] [22808] Resolved module firebase-functions {"declared":true,"installed":true,"version":"3.14.1","resolution":"C:\\Users\\jacco\\Desktop\\LifeCycle-Hook\\node_modules\\firebase-functions\\lib\\index.js"} {"metadata":{"emulator":{"name":"functions"},"message":"[runtime-status] [22808] Resolved module firebase-functions {\"declared\":true,\"installed\":true,\"version\":\"3.14.1\",\"resolution\":\"C:\\\\Users\\\\jacco\\\\Desktop\\\\LifeCycle-Hook\\\\node_modules\\\\firebase-functions\\\\lib\\\\index.js\"}"}}
[debug] [2021-05-18T14:04:37.541Z] [runtime-status] [22808] firebase-admin has been stubbed. {"adminResolution":{"declared":true,"installed":true,"version":"9.8.0","resolution":"C:\\Users\\jacco\\Desktop\\LifeCycle-Hook\\node_modules\\firebase-admin\\lib\\index.js"}} {"metadata":{"emulator":{"name":"functions"},"message":"[runtime-status] [22808] firebase-admin has been stubbed. {\"adminResolution\":{\"declared\":true,\"installed\":true,\"version\":\"9.8.0\",\"resolution\":\"C:\\\\Users\\\\jacco\\\\Desktop\\\\LifeCycle-Hook\\\\node_modules\\\\firebase-admin\\\\lib\\\\index.js\"}}"}}
[debug] [2021-05-18T14:04:37.665Z] [runtime-status] [22808] initializeApp(DEFAULT) {"credential":{"implicit":false,"projectId":"lifecycle-server","privateKey":"-----BEGIN PRIVATE KEY-----\nMIIEvgIBADANBgkqhkiG9w0BAQEFAASCBKgwggSkAgEAAoIBAQDcY2HsFIrlle2R\ngI+42zqYfv5YK4ikvKuBEcKnZR+PoHY67ZrpQUaejPJ5F9cEyNpkEI3baCE+QBjV\n+dozCpFCW1JOpzQVfkkHr1SEavb4HHQZgHz9soGXlJVS5jMOl79d7DcJCX6IgfS3\nxJQBzxZRELouRGqeHP79whm8QZbBTaQJ3utRWgcp8SfkTFsku4KCgvB1X/1n97G8\n9FSV6Yvc2nbnyppvExPaKikXr0vf5oLsWJgj0rHatqPsq2+e+9PiTjoSc9DHbGlF\nPdbHjuzaUYGC2CQ5jwbPi3BG33Ef7N9VWMZtw/GRTJWhAP2hOLCrfeFqpjHl35Mc\nfVhycxnbAgMBAAECggEADm0GRrTs3JdXnCEYB0fOX5dcdbqvxedrAIFVm63KXD/q\nzUj/+Am4932Ot5ogYySfQFKMaT1j2QEgFGLiQ1oLOmvjiNjNV3ooifNnlbKyD3k+\nqOwDV9CR8VvypEuuMY6Bom0TsyiRxZoKwearsNdJ2izn9Z8D2EKvTD6i1EhPd7/1\nSPyhT7H7pjS3fQPB6jLJ/S1Jqxw5EkQGzApzOww/iUOYd2SI1dhI9SMIeAFprU3A\nGiQXRqfIS37YWdDyJMwlr4PIiXrheFe7CZWOSn5VLLCY0FfEqCsKxN1CrXokPUMm\n8CK0S8kx56m2CKpJBBrdk+s/ryDG+DPlDSAaO42VNQKBgQD+k17aZPlWTe7yr0o4\nPv+Fko66+cPvYDgep+Ib1FwO9Gl4rpvti+lRXDxX8TjI5DX2WRqyf915TURFaJbw\niCBolwO+Vlo+/hur4BLXNAxonuxbkpijpll8JYk3+QdoNpc/O7ukc1vIyw9Noyu5\nxBI39XVa7o1kTyeDHf8Dj2SPvQKBgQDdnwuSHMRtu4hygqReorxid9Re/lsvpf5F\nNgmP+4oDAlU4VB20LM5ZEarYI9WVoQGibtkKJb/p0DnLrG7jVyFzK+7eH+7I51mr\nJTg2zaqoksY9pLQMqIL0gUm6qXopWeFBVlr+9Xlk7SGZhrh9jqTGV60Q1LpcKnHt\nlGuSbGl9dwKBgQDONtQr9oUeyuxW+3UUkLttGKWzgaScoAV1l6qJvoB/wK47Cr3W\nM3Jg7GUZG5ZS7MFldxIwK3Fc1CEMVEeIOcx+zG1E3jAmPLJvjIfWeRvgF3QATYSF\nc7ei38kCZSAB486qcxlxgdyEjzArRJSj2tajK5rPeNNhwNiR1ld/K8VaxQKBgQCt\nt5yPRINobGZxNBx5neBC4yER8RkzCU99mvT16rrszuhUBgNelvyMbr/XOoeSCSnJ\n1E/Gl36OXUzgbOJiy4qJx7cuYCOBUW9FKyCcPKx4BMzlxvPnNDOqSqmrams6fJyH\n5ZPgZDRqu0HqIOL+cFCStGkRV15ZHmA9VWjY1qf90wKBgD6iNJ1NEzRQRmHMLIpy\nOiCGL2I3f7o1qULdpzPeOtUQ24ttSenKPUMeUfRjiTM132jyuQQhaEZVQiWvb6jP\ns29yonvNPYHoT86l+mW9QJ2aD07S7C9T3gn+QeKCyjNI2mRh8yr2gGoUWyNx1y48\nupt7cOXIeEdcAjBM6MhqE1SR\n-----END PRIVATE KEY-----\n","clientEmail":"firebase-adminsdk-307m4@lifecycle-server.iam.gserviceaccount.com","httpClient":{"retry":{"maxRetries":4,"statusCodes":[503],"ioErrorCodes":["ECONNRESET","ETIMEDOUT"],"backOffFactor":0.5,"maxDelayInMillis":60000}}},"databaseURL":"https://lifecycle-server.firebaseio.com"} {"metadata":{"emulator":{"name":"functions"},"message":"[runtime-status] [22808] initializeApp(DEFAULT) {\"credential\":{\"implicit\":false,\"projectId\":\"lifecycle-server\",\"privateKey\":\"-----BEGIN PRIVATE KEY-----\\nMIIEvgIBADANBgkqhkiG9w0BAQEFAASCBKgwggSkAgEAAoIBAQDcY2HsFIrlle2R\\ngI+42zqYfv5YK4ikvKuBEcKnZR+PoHY67ZrpQUaejPJ5F9cEyNpkEI3baCE+QBjV\\n+dozCpFCW1JOpzQVfkkHr1SEavb4HHQZgHz9soGXlJVS5jMOl79d7DcJCX6IgfS3\\nxJQBzxZRELouRGqeHP79whm8QZbBTaQJ3utRWgcp8SfkTFsku4KCgvB1X/1n97G8\\n9FSV6Yvc2nbnyppvExPaKikXr0vf5oLsWJgj0rHatqPsq2+e+9PiTjoSc9DHbGlF\\nPdbHjuzaUYGC2CQ5jwbPi3BG33Ef7N9VWMZtw/GRTJWhAP2hOLCrfeFqpjHl35Mc\\nfVhycxnbAgMBAAECggEADm0GRrTs3JdXnCEYB0fOX5dcdbqvxedrAIFVm63KXD/q\\nzUj/+Am4932Ot5ogYySfQFKMaT1j2QEgFGLiQ1oLOmvjiNjNV3ooifNnlbKyD3k+\\nqOwDV9CR8VvypEuuMY6Bom0TsyiRxZoKwearsNdJ2izn9Z8D2EKvTD6i1EhPd7/1\\nSPyhT7H7pjS3fQPB6jLJ/S1Jqxw5EkQGzApzOww/iUOYd2SI1dhI9SMIeAFprU3A\\nGiQXRqfIS37YWdDyJMwlr4PIiXrheFe7CZWOSn5VLLCY0FfEqCsKxN1CrXokPUMm\\n8CK0S8kx56m2CKpJBBrdk+s/ryDG+DPlDSAaO42VNQKBgQD+k17aZPlWTe7yr0o4\\nPv+Fko66+cPvYDgep+Ib1FwO9Gl4rpvti+lRXDxX8TjI5DX2WRqyf915TURFaJbw\\niCBolwO+Vlo+/hur4BLXNAxonuxbkpijpll8JYk3+QdoNpc/O7ukc1vIyw9Noyu5\\nxBI39XVa7o1kTyeDHf8Dj2SPvQKBgQDdnwuSHMRtu4hygqReorxid9Re/lsvpf5F\\nNgmP+4oDAlU4VB20LM5ZEarYI9WVoQGibtkKJb/p0DnLrG7jVyFzK+7eH+7I51mr\\nJTg2zaqoksY9pLQMqIL0gUm6qXopWeFBVlr+9Xlk7SGZhrh9jqTGV60Q1LpcKnHt\\nlGuSbGl9dwKBgQDONtQr9oUeyuxW+3UUkLttGKWzgaScoAV1l6qJvoB/wK47Cr3W\\nM3Jg7GUZG5ZS7MFldxIwK3Fc1CEMVEeIOcx+zG1E3jAmPLJvjIfWeRvgF3QATYSF\\nc7ei38kCZSAB486qcxlxgdyEjzArRJSj2tajK5rPeNNhwNiR1ld/K8VaxQKBgQCt\\nt5yPRINobGZxNBx5neBC4yER8RkzCU99mvT16rrszuhUBgNelvyMbr/XOoeSCSnJ\\n1E/Gl36OXUzgbOJiy4qJx7cuYCOBUW9FKyCcPKx4BMzlxvPnNDOqSqmrams6fJyH\\n5ZPgZDRqu0HqIOL+cFCStGkRV15ZHmA9VWjY1qf90wKBgD6iNJ1NEzRQRmHMLIpy\\nOiCGL2I3f7o1qULdpzPeOtUQ24ttSenKPUMeUfRjiTM132jyuQQhaEZVQiWvb6jP\\ns29yonvNPYHoT86l+mW9QJ2aD07S7C9T3gn+QeKCyjNI2mRh8yr2gGoUWyNx1y48\\nupt7cOXIeEdcAjBM6MhqE1SR\\n-----END PRIVATE KEY-----\\n\",\"clientEmail\":\"firebase-adminsdk-307m4@lifecycle-server.iam.gserviceaccount.com\",\"httpClient\":{\"retry\":{\"maxRetries\":4,\"statusCodes\":[503],\"ioErrorCodes\":[\"ECONNRESET\",\"ETIMEDOUT\"],\"backOffFactor\":0.5,\"maxDelayInMillis\":60000}}},\"databaseURL\":\"https://lifecycle-server.firebaseio.com\"}"}}
[warn] !  functions: The Cloud Firestore emulator is not running, so calls to Firestore will affect production. {"metadata":{"emulator":{"name":"functions"},"message":"The Cloud Firestore emulator is not running, so calls to Firestore will affect production."}}
[info] +  functions[app]: http function initialized (http://localhost:5001/lifecycle-server/us-central1/app). {"metadata":{"emulator":{"name":"functions"},"message":"\u001b[1mhttp\u001b[22m function initialized (http://localhost:5001/lifecycle-server/us-central1/app)."}}
[info] 
┌─────────────────────────────────────────────────────────────┐
│ ✔  All emulators ready! It is now safe to connect your app. │
│ i  View Emulator UI at http://localhost:4001                │
└─────────────────────────────────────────────────────────────┘

┌───────────┬────────────────┬─────────────────────────────────┐
│ Emulator  │ Host:Port      │ View in Emulator UI             │
├───────────┼────────────────┼─────────────────────────────────┤
│ Functions │ localhost:5001 │ http://localhost:4001/functions │
└───────────┴────────────────┴─────────────────────────────────┘
  Emulator Hub running at localhost:4400
  Other reserved ports: 4500

Issues? Report them at https://github.com/firebase/firebase-tools/issues and attach the *-debug.log files.
 
[debug] [2021-05-18T14:04:37.903Z] [worker-~diagnostic~-6a801c1a-2218-4aaf-ab76-7d616172acec]: IDLE {"metadata":{"emulator":{"name":"functions"},"message":"[worker-~diagnostic~-6a801c1a-2218-4aaf-ab76-7d616172acec]: IDLE"}}
[debug] [2021-05-18T14:05:19.902Z] Functions emulator received unknown request at path /app/api/write
[debug] [2021-05-18T14:05:30.870Z] Functions emulator received unknown request at path /app/api/call
